Using pre-set license
Built from '2021.3/staging' branch; Version is '2021.3.20f1 (577897200b8b) revision 5732503'; Using compiler version '192829333'; Build Type 'Release'
OS: 'Windows 11  (10.0.22621) 64bit CoreSingleLanguage' Language: 'en' Physical Memory: 7893 MB
BatchMode: 1, IsHumanControllingUs: 0, StartBugReporterOnCrash: 0, Is64bit: 1, IsPro: 1

COMMAND LINE ARGUMENTS:
C:\Program Files\Unity\Hub\Editor\2021.3.20f1\Editor\Unity.exe
-adb2
-batchMode
-noUpm
-name
AssetImportWorker0
-projectPath
C:/Users/hamys/work/hamyUnity/UI
-logFile
Logs/AssetImportWorker0.log
-srvPort
55961
Successfully changed project path to: C:/Users/hamys/work/hamyUnity/UI
C:/Users/hamys/work/hamyUnity/UI
[UnityMemory] Configuration Parameters - Can be set up in boot.config
    "memorysetup-bucket-allocator-granularity=16"
    "memorysetup-bucket-allocator-bucket-count=8"
    "memorysetup-bucket-allocator-block-size=33554432"
    "memorysetup-bucket-allocator-block-count=8"
    "memorysetup-main-allocator-block-size=16777216"
    "memorysetup-thread-allocator-block-size=16777216"
    "memorysetup-gfx-main-allocator-block-size=16777216"
    "memorysetup-gfx-thread-allocator-block-size=16777216"
    "memorysetup-cache-allocator-block-size=4194304"
    "memorysetup-typetree-allocator-block-size=2097152"
    "memorysetup-profiler-bucket-allocator-granularity=16"
    "memorysetup-profiler-bucket-allocator-bucket-count=8"
    "memorysetup-profiler-bucket-allocator-block-size=33554432"
    "memorysetup-profiler-bucket-allocator-block-count=8"
    "memorysetup-profiler-allocator-block-size=16777216"
    "memorysetup-profiler-editor-allocator-block-size=1048576"
    "memorysetup-temp-allocator-size-main=16777216"
    "memorysetup-job-temp-allocator-block-size=2097152"
    "memorysetup-job-temp-allocator-block-size-background=1048576"
    "memorysetup-job-temp-allocator-reduction-small-platforms=262144"
    "memorysetup-temp-allocator-size-background-worker=32768"
    "memorysetup-temp-allocator-size-job-worker=262144"
    "memorysetup-temp-allocator-size-preload-manager=33554432"
    "memorysetup-temp-allocator-size-nav-mesh-worker=65536"
    "memorysetup-temp-allocator-size-audio-worker=65536"
    "memorysetup-temp-allocator-size-cloud-worker=32768"
    "memorysetup-temp-allocator-size-gi-baking-worker=262144"
    "memorysetup-temp-allocator-size-gfx=262144"
Player connection [16636] Host "[IP] 0.0.0.0 [Port] 0 [Flags] 2 [Guid] 2453315920 [EditorId] 2453315920 [Version] 1048832 [Id] WindowsEditor(7,MSI) [Debug] 1 [PackageName] WindowsEditor [ProjectName] Editor" joined multi-casting on [225.0.0.222:54997]...

Player connection [16636] Host "[IP] 0.0.0.0 [Port] 0 [Flags] 2 [Guid] 2453315920 [EditorId] 2453315920 [Version] 1048832 [Id] WindowsEditor(7,MSI) [Debug] 1 [PackageName] WindowsEditor [ProjectName] Editor" joined alternative multi-casting on [225.0.0.222:34997]...

Refreshing native plugins compatible for Editor in 111.41 ms, found 3 plugins.
Preloading 0 native plugins for Editor in 0.00 ms.
Initialize engine version: 2021.3.20f1 (577897200b8b)
[Subsystems] Discovering subsystems at path C:/Program Files/Unity/Hub/Editor/2021.3.20f1/Editor/Data/Resources/UnitySubsystems
[Subsystems] Discovering subsystems at path C:/Users/hamys/work/hamyUnity/UI/Assets
GfxDevice: creating device client; threaded=0; jobified=0
Direct3D:
    Version:  Direct3D 11.0 [level 11.1]
    Renderer: NVIDIA GeForce RTX 3050 Laptop GPU (ID=0x25a2)
    Vendor:   NVIDIA
    VRAM:     3993 MB
    Driver:   30.0.15.1165
Initialize mono
Mono path[0] = 'C:/Program Files/Unity/Hub/Editor/2021.3.20f1/Editor/Data/Managed'
Mono path[1] = 'C:/Program Files/Unity/Hub/Editor/2021.3.20f1/Editor/Data/MonoBleedingEdge/lib/mono/unityjit-win32'
Mono config path = 'C:/Program Files/Unity/Hub/Editor/2021.3.20f1/Editor/Data/MonoBleedingEdge/etc'
Using monoOptions --debugger-agent=transport=dt_socket,embedding=1,server=y,suspend=n,address=127.0.0.1:56500
Begin MonoManager ReloadAssembly
Registering precompiled unity dll's ...
Register platform support module: C:/Program Files/Unity/Hub/Editor/2021.3.20f1/Editor/Data/PlaybackEngines/AndroidPlayer/UnityEditor.Android.Extensions.dll
Register platform support module: C:/Program Files/Unity/Hub/Editor/2021.3.20f1/Editor/Data/PlaybackEngines/WindowsStandaloneSupport/UnityEditor.WindowsStandalone.Extensions.dll
Registered in 0.005614 seconds.
Native extension for WindowsStandalone target not found
Native extension for Android target not found
Android Extension - Scanning For ADB Devices 362 ms
Refreshing native plugins compatible for Editor in 135.33 ms, found 3 plugins.
Preloading 0 native plugins for Editor in 0.00 ms.
Mono: successfully reloaded assembly
- Completed reload, in  1.356 seconds
Domain Reload Profiling:
	ReloadAssembly (1357ms)
		BeginReloadAssembly (136ms)
			ExecutionOrderSort (0ms)
			DisableScriptedObjects (0ms)
			BackupInstance (0ms)
			ReleaseScriptingObjects (0ms)
			CreateAndSetChildDomain (1ms)
		EndReloadAssembly (1096ms)
			LoadAssemblies (135ms)
			RebuildTransferFunctionScriptingTraits (0ms)
			SetupTypeCache (179ms)
			ReleaseScriptCaches (0ms)
			RebuildScriptCaches (41ms)
			SetupLoadedEditorAssemblies (791ms)
				LogAssemblyErrors (0ms)
				InitializePlatformSupportModulesInManaged (464ms)
				SetLoadedEditorAssemblies (1ms)
				RefreshPlugins (135ms)
				BeforeProcessingInitializeOnLoad (1ms)
				ProcessInitializeOnLoadAttributes (125ms)
				ProcessInitializeOnLoadMethodAttributes (63ms)
				AfterProcessingInitializeOnLoad (0ms)
				EditorAssembliesLoaded (0ms)
			ExecutionOrderSort2 (0ms)
			AwakeInstancesAfterBackupRestoration (0ms)
Platform modules already initialized, skipping
Registering precompiled user dll's ...
Registered in 0.005167 seconds.
Begin MonoManager ReloadAssembly
Symbol file LoadedFromMemory doesn't match image C:\Users\hamys\work\hamyUnity\UI\Library\PackageCache\com.unity.visualscripting@1.8.0\Editor\VisualScripting.Core\Dependencies\YamlDotNet\Unity.VisualScripting.YamlDotNet.dll
Symbol file LoadedFromMemory doesn't match image C:\Users\hamys\work\hamyUnity\UI\Library\PackageCache\com.unity.visualscripting@1.8.0\Editor\VisualScripting.Core\Dependencies\DotNetZip\Unity.VisualScripting.IonicZip.dll
Native extension for WindowsStandalone target not found
Native extension for Android target not found
Refreshing native plugins compatible for Editor in 1.29 ms, found 3 plugins.
Preloading 0 native plugins for Editor in 0.00 ms.
Package Manager log level set to [2]
[ARLocation]: Starting up!
UnityEngine.StackTraceUtility:ExtractStackTrace ()
UnityEngine.DebugLogHandler:LogFormat (UnityEngine.LogType,UnityEngine.Object,string,object[])
UnityEngine.Logger:Log (UnityEngine.LogType,object)
UnityEngine.Debug:Log (object)
ARLocationEditorConfigManager:.cctor () (at Assets/ARLocation/Editor/ARLocationEditorConfigManager.cs:13)
System.Runtime.CompilerServices.RuntimeHelpers:RunClassConstructor (System.RuntimeTypeHandle)
UnityEditor.EditorAssemblies:ProcessInitializeOnLoadAttributes (System.Type[])

(Filename: Assets/ARLocation/Editor/ARLocationEditorConfigManager.cs Line: 13)

[ARLocation]: Resource folder already exists!
UnityEngine.StackTraceUtility:ExtractStackTrace ()
UnityEngine.DebugLogHandler:LogFormat (UnityEngine.LogType,UnityEngine.Object,string,object[])
UnityEngine.Logger:Log (UnityEngine.LogType,object)
UnityEngine.Debug:Log (object)
ARLocationEditorConfigManager:.cctor () (at Assets/ARLocation/Editor/ARLocationEditorConfigManager.cs:17)
System.Runtime.CompilerServices.RuntimeHelpers:RunClassConstructor (System.RuntimeTypeHandle)
UnityEditor.EditorAssemblies:ProcessInitializeOnLoadAttributes (System.Type[])

(Filename: Assets/ARLocation/Editor/ARLocationEditorConfigManager.cs Line: 17)

[ARLocation]: Config already exists!
UnityEngine.StackTraceUtility:ExtractStackTrace ()
UnityEngine.DebugLogHandler:LogFormat (UnityEngine.LogType,UnityEngine.Object,string,object[])
UnityEngine.Logger:Log (UnityEngine.LogType,object)
UnityEngine.Debug:Log (object)
ARLocationEditorConfigManager:.cctor () (at Assets/ARLocation/Editor/ARLocationEditorConfigManager.cs:29)
System.Runtime.CompilerServices.RuntimeHelpers:RunClassConstructor (System.RuntimeTypeHandle)
UnityEditor.EditorAssemblies:ProcessInitializeOnLoadAttributes (System.Type[])

(Filename: Assets/ARLocation/Editor/ARLocationEditorConfigManager.cs Line: 29)

Mono: successfully reloaded assembly
- Completed reload, in  1.823 seconds
Domain Reload Profiling:
	ReloadAssembly (1825ms)
		BeginReloadAssembly (278ms)
			ExecutionOrderSort (0ms)
			DisableScriptedObjects (10ms)
			BackupInstance (0ms)
			ReleaseScriptingObjects (0ms)
			CreateAndSetChildDomain (39ms)
		EndReloadAssembly (1350ms)
			LoadAssemblies (183ms)
			RebuildTransferFunctionScriptingTraits (0ms)
			SetupTypeCache (433ms)
			ReleaseScriptCaches (1ms)
			RebuildScriptCaches (69ms)
			SetupLoadedEditorAssemblies (631ms)
				LogAssemblyErrors (0ms)
				InitializePlatformSupportModulesInManaged (29ms)
				SetLoadedEditorAssemblies (1ms)
				RefreshPlugins (1ms)
				BeforeProcessingInitializeOnLoad (136ms)
				ProcessInitializeOnLoadAttributes (419ms)
				ProcessInitializeOnLoadMethodAttributes (37ms)
				AfterProcessingInitializeOnLoad (8ms)
				EditorAssembliesLoaded (0ms)
			ExecutionOrderSort2 (0ms)
			AwakeInstancesAfterBackupRestoration (10ms)
Platform modules already initialized, skipping
========================================================================
Worker process is ready to serve import requests
Launched and connected shader compiler UnityShaderCompiler.exe after 0.07 seconds
Refreshing native plugins compatible for Editor in 0.81 ms, found 3 plugins.
Preloading 0 native plugins for Editor in 0.00 ms.
Unloading 3565 Unused Serialized files (Serialized files now loaded: 0)
Unloading 28 unused Assets / (148.2 KB). Loaded Objects now: 4028.
Memory consumption went from 125.4 MB to 125.2 MB.
Total: 4.712400 ms (FindLiveObjects: 0.550900 ms CreateObjectMapping: 0.188300 ms MarkObjects: 3.729600 ms  DeleteObjects: 0.240800 ms)

AssetImportParameters requested are different than current active one (requested -> active):
  custom:video-decoder-ogg-theora: a1e56fd34408186e4bbccfd4996cb3dc -> 
  custom:container-muxer-webm: aa71ff27fc2769a1b78a27578f13a17b -> 
  custom:container-demuxer-webm: 4f35f7cbe854078d1ac9338744f61a02 -> 
  custom:video-encoder-webm-vp8: eb34c28f22e8b96e1ab97ce403110664 -> 
  custom:audio-encoder-webm-vorbis: bf7c407c2cedff20999df2af8eb42d56 -> 
  custom:framework-win-MediaFoundation: 216162199b28c13a410421893ffa2e32 -> 
  custom:container-demuxer-ogg: 62fdf1f143b41e24485cea50d1cbac27 -> 
  custom:video-decoder-webm-vp8: 9c59270c3fd7afecdb556c50c9e8de78 -> 
  custom:audio-decoder-ogg-vorbis: bf7c407c2cedff20999df2af8eb42d56 -> 
========================================================================
Received Import Request.
  Time since last request: 120196.649472 seconds.
  path: Assets/ARLocation/Mapbox Routes/Scripts/CustomRoute.cs
  artifactKey: Guid(5f3ef57f122164deba0f4502244ca1ae) Importer(815301076,1909f56bfc062723c751e8b465ee728b)
Start importing Assets/ARLocation/Mapbox Routes/Scripts/CustomRoute.cs using Guid(5f3ef57f122164deba0f4502244ca1ae) Importer(815301076,1909f56bfc062723c751e8b465ee728b)  -> (artifact id: 'c6be27681801cbdb2efdb7802354a844') in 0.062799 seconds 
========================================================================
Received Prepare
Registering precompiled user dll's ...
Registered in 0.006042 seconds.
Begin MonoManager ReloadAssembly
Symbol file LoadedFromMemory doesn't match image C:\Users\hamys\work\hamyUnity\UI\Library\PackageCache\com.unity.visualscripting@1.8.0\Editor\VisualScripting.Core\Dependencies\YamlDotNet\Unity.VisualScripting.YamlDotNet.dll
Symbol file LoadedFromMemory doesn't match image C:\Users\hamys\work\hamyUnity\UI\Library\PackageCache\com.unity.visualscripting@1.8.0\Editor\VisualScripting.Core\Dependencies\DotNetZip\Unity.VisualScripting.IonicZip.dll
Native extension for WindowsStandalone target not found
Native extension for Android target not found
Refreshing native plugins compatible for Editor in 0.80 ms, found 3 plugins.
Preloading 0 native plugins for Editor in 0.00 ms.
[ARLocation]: Starting up!
UnityEngine.StackTraceUtility:ExtractStackTrace ()
UnityEngine.DebugLogHandler:LogFormat (UnityEngine.LogType,UnityEngine.Object,string,object[])
UnityEngine.Logger:Log (UnityEngine.LogType,object)
UnityEngine.Debug:Log (object)
ARLocationEditorConfigManager:.cctor () (at Assets/ARLocation/Editor/ARLocationEditorConfigManager.cs:13)
System.Runtime.CompilerServices.RuntimeHelpers:RunClassConstructor (System.RuntimeTypeHandle)
UnityEditor.EditorAssemblies:ProcessInitializeOnLoadAttributes (System.Type[])

(Filename: Assets/ARLocation/Editor/ARLocationEditorConfigManager.cs Line: 13)

[ARLocation]: Resource folder already exists!
UnityEngine.StackTraceUtility:ExtractStackTrace ()
UnityEngine.DebugLogHandler:LogFormat (UnityEngine.LogType,UnityEngine.Object,string,object[])
UnityEngine.Logger:Log (UnityEngine.LogType,object)
UnityEngine.Debug:Log (object)
ARLocationEditorConfigManager:.cctor () (at Assets/ARLocation/Editor/ARLocationEditorConfigManager.cs:17)
System.Runtime.CompilerServices.RuntimeHelpers:RunClassConstructor (System.RuntimeTypeHandle)
UnityEditor.EditorAssemblies:ProcessInitializeOnLoadAttributes (System.Type[])

(Filename: Assets/ARLocation/Editor/ARLocationEditorConfigManager.cs Line: 17)

[ARLocation]: Config already exists!
UnityEngine.StackTraceUtility:ExtractStackTrace ()
UnityEngine.DebugLogHandler:LogFormat (UnityEngine.LogType,UnityEngine.Object,string,object[])
UnityEngine.Logger:Log (UnityEngine.LogType,object)
UnityEngine.Debug:Log (object)
ARLocationEditorConfigManager:.cctor () (at Assets/ARLocation/Editor/ARLocationEditorConfigManager.cs:29)
System.Runtime.CompilerServices.RuntimeHelpers:RunClassConstructor (System.RuntimeTypeHandle)
UnityEditor.EditorAssemblies:ProcessInitializeOnLoadAttributes (System.Type[])

(Filename: Assets/ARLocation/Editor/ARLocationEditorConfigManager.cs Line: 29)

Mono: successfully reloaded assembly
- Completed reload, in  1.166 seconds
Domain Reload Profiling:
	ReloadAssembly (1166ms)
		BeginReloadAssembly (183ms)
			ExecutionOrderSort (0ms)
			DisableScriptedObjects (5ms)
			BackupInstance (0ms)
			ReleaseScriptingObjects (0ms)
			CreateAndSetChildDomain (47ms)
		EndReloadAssembly (872ms)
			LoadAssemblies (114ms)
			RebuildTransferFunctionScriptingTraits (0ms)
			SetupTypeCache (313ms)
			ReleaseScriptCaches (2ms)
			RebuildScriptCaches (48ms)
			SetupLoadedEditorAssemblies (366ms)
				LogAssemblyErrors (0ms)
				InitializePlatformSupportModulesInManaged (21ms)
				SetLoadedEditorAssemblies (1ms)
				RefreshPlugins (1ms)
				BeforeProcessingInitializeOnLoad (70ms)
				ProcessInitializeOnLoadAttributes (245ms)
				ProcessInitializeOnLoadMethodAttributes (21ms)
				AfterProcessingInitializeOnLoad (6ms)
				EditorAssembliesLoaded (0ms)
			ExecutionOrderSort2 (0ms)
			AwakeInstancesAfterBackupRestoration (9ms)
Platform modules already initialized, skipping
Refreshing native plugins compatible for Editor in 1.62 ms, found 3 plugins.
Preloading 0 native plugins for Editor in 0.00 ms.
Unloading 3542 Unused Serialized files (Serialized files now loaded: 0)
Unloading 20 unused Assets / (114.6 KB). Loaded Objects now: 4032.
Memory consumption went from 123.8 MB to 123.7 MB.
Total: 2.689200 ms (FindLiveObjects: 0.248200 ms CreateObjectMapping: 0.093900 ms MarkObjects: 2.205200 ms  DeleteObjects: 0.141200 ms)

AssetImportParameters requested are different than current active one (requested -> active):
  custom:video-decoder-ogg-theora: a1e56fd34408186e4bbccfd4996cb3dc -> 
  custom:container-muxer-webm: aa71ff27fc2769a1b78a27578f13a17b -> 
  custom:container-demuxer-webm: 4f35f7cbe854078d1ac9338744f61a02 -> 
  custom:video-encoder-webm-vp8: eb34c28f22e8b96e1ab97ce403110664 -> 
  custom:audio-encoder-webm-vorbis: bf7c407c2cedff20999df2af8eb42d56 -> 
  custom:framework-win-MediaFoundation: 216162199b28c13a410421893ffa2e32 -> 
  custom:container-demuxer-ogg: 62fdf1f143b41e24485cea50d1cbac27 -> 
  custom:video-decoder-webm-vp8: 9c59270c3fd7afecdb556c50c9e8de78 -> 
  custom:audio-decoder-ogg-vorbis: bf7c407c2cedff20999df2af8eb42d56 -> 
========================================================================
Received Import Request.
  Time since last request: 369.948499 seconds.
  path: Assets/ARLocation/Mapbox Routes/Scripts/CustomRoute.cs
  artifactKey: Guid(5f3ef57f122164deba0f4502244ca1ae) Importer(815301076,1909f56bfc062723c751e8b465ee728b)
Start importing Assets/ARLocation/Mapbox Routes/Scripts/CustomRoute.cs using Guid(5f3ef57f122164deba0f4502244ca1ae) Importer(815301076,1909f56bfc062723c751e8b465ee728b)  -> (artifact id: 'aeb8d99d435272a35ea3fcba0d1571c2') in 0.008611 seconds 
========================================================================
Received Import Request.
  Time since last request: 1.853138 seconds.
  path: Assets/ARLocation/Mapbox Routes/Scripts/MapboxApi/MapboxApi.cs
  artifactKey: Guid(e87cc51440a2e4678a3826bb59160c8b) Importer(815301076,1909f56bfc062723c751e8b465ee728b)
Start importing Assets/ARLocation/Mapbox Routes/Scripts/MapboxApi/MapboxApi.cs using Guid(e87cc51440a2e4678a3826bb59160c8b) Importer(815301076,1909f56bfc062723c751e8b465ee728b)  -> (artifact id: '0357cbb2f5d246b099e350836cf42d4f') in 0.004163 seconds 
========================================================================
Received Import Request.
  Time since last request: 9.946396 seconds.
  path: Assets/ARLocation/Mapbox Routes/Scripts/MapboxApi/Route.cs
  artifactKey: Guid(26154515fc67e4d80b93b271f123cff4) Importer(815301076,1909f56bfc062723c751e8b465ee728b)
Start importing Assets/ARLocation/Mapbox Routes/Scripts/MapboxApi/Route.cs using Guid(26154515fc67e4d80b93b271f123cff4) Importer(815301076,1909f56bfc062723c751e8b465ee728b)  -> (artifact id: '67292156a6aaad211d0b1acfbb6740cd') in 0.012028 seconds 
========================================================================
Received Import Request.
  Time since last request: 2.679763 seconds.
  path: Assets/ARLocation/Mapbox Routes/Scripts/MapboxApi/RouteResponse.cs
  artifactKey: Guid(d71da66e7277246a987d2973be86c9ab) Importer(815301076,1909f56bfc062723c751e8b465ee728b)
Start importing Assets/ARLocation/Mapbox Routes/Scripts/MapboxApi/RouteResponse.cs using Guid(d71da66e7277246a987d2973be86c9ab) Importer(815301076,1909f56bfc062723c751e8b465ee728b)  -> (artifact id: '64d8ba7e3f053b94ee72f6fb7e58075a') in 0.010201 seconds 
========================================================================
Received Prepare
Registering precompiled user dll's ...
Registered in 0.005406 seconds.
Begin MonoManager ReloadAssembly
Symbol file LoadedFromMemory doesn't match image C:\Users\hamys\work\hamyUnity\UI\Library\PackageCache\com.unity.visualscripting@1.8.0\Editor\VisualScripting.Core\Dependencies\YamlDotNet\Unity.VisualScripting.YamlDotNet.dll
Symbol file LoadedFromMemory doesn't match image C:\Users\hamys\work\hamyUnity\UI\Library\PackageCache\com.unity.visualscripting@1.8.0\Editor\VisualScripting.Core\Dependencies\DotNetZip\Unity.VisualScripting.IonicZip.dll
Native extension for WindowsStandalone target not found
Native extension for Android target not found
Refreshing native plugins compatible for Editor in 0.67 ms, found 3 plugins.
Preloading 0 native plugins for Editor in 0.00 ms.
[ARLocation]: Starting up!
UnityEngine.StackTraceUtility:ExtractStackTrace ()
UnityEngine.DebugLogHandler:LogFormat (UnityEngine.LogType,UnityEngine.Object,string,object[])
UnityEngine.Logger:Log (UnityEngine.LogType,object)
UnityEngine.Debug:Log (object)
ARLocationEditorConfigManager:.cctor () (at Assets/ARLocation/Editor/ARLocationEditorConfigManager.cs:13)
System.Runtime.CompilerServices.RuntimeHelpers:RunClassConstructor (System.RuntimeTypeHandle)
UnityEditor.EditorAssemblies:ProcessInitializeOnLoadAttributes (System.Type[])

(Filename: Assets/ARLocation/Editor/ARLocationEditorConfigManager.cs Line: 13)

[ARLocation]: Resource folder already exists!
UnityEngine.StackTraceUtility:ExtractStackTrace ()
UnityEngine.DebugLogHandler:LogFormat (UnityEngine.LogType,UnityEngine.Object,string,object[])
UnityEngine.Logger:Log (UnityEngine.LogType,object)
UnityEngine.Debug:Log (object)
ARLocationEditorConfigManager:.cctor () (at Assets/ARLocation/Editor/ARLocationEditorConfigManager.cs:17)
System.Runtime.CompilerServices.RuntimeHelpers:RunClassConstructor (System.RuntimeTypeHandle)
UnityEditor.EditorAssemblies:ProcessInitializeOnLoadAttributes (System.Type[])

(Filename: Assets/ARLocation/Editor/ARLocationEditorConfigManager.cs Line: 17)

[ARLocation]: Config already exists!
UnityEngine.StackTraceUtility:ExtractStackTrace ()
UnityEngine.DebugLogHandler:LogFormat (UnityEngine.LogType,UnityEngine.Object,string,object[])
UnityEngine.Logger:Log (UnityEngine.LogType,object)
UnityEngine.Debug:Log (object)
ARLocationEditorConfigManager:.cctor () (at Assets/ARLocation/Editor/ARLocationEditorConfigManager.cs:29)
System.Runtime.CompilerServices.RuntimeHelpers:RunClassConstructor (System.RuntimeTypeHandle)
UnityEditor.EditorAssemblies:ProcessInitializeOnLoadAttributes (System.Type[])

(Filename: Assets/ARLocation/Editor/ARLocationEditorConfigManager.cs Line: 29)

Mono: successfully reloaded assembly
- Completed reload, in  1.165 seconds
Domain Reload Profiling:
	ReloadAssembly (1166ms)
		BeginReloadAssembly (178ms)
			ExecutionOrderSort (0ms)
			DisableScriptedObjects (4ms)
			BackupInstance (0ms)
			ReleaseScriptingObjects (0ms)
			CreateAndSetChildDomain (46ms)
		EndReloadAssembly (868ms)
			LoadAssemblies (116ms)
			RebuildTransferFunctionScriptingTraits (0ms)
			SetupTypeCache (323ms)
			ReleaseScriptCaches (1ms)
			RebuildScriptCaches (47ms)
			SetupLoadedEditorAssemblies (373ms)
				LogAssemblyErrors (0ms)
				InitializePlatformSupportModulesInManaged (14ms)
				SetLoadedEditorAssemblies (0ms)
				RefreshPlugins (1ms)
				BeforeProcessingInitializeOnLoad (86ms)
				ProcessInitializeOnLoadAttributes (235ms)
				ProcessInitializeOnLoadMethodAttributes (28ms)
				AfterProcessingInitializeOnLoad (10ms)
				EditorAssembliesLoaded (0ms)
			ExecutionOrderSort2 (0ms)
			AwakeInstancesAfterBackupRestoration (4ms)
Platform modules already initialized, skipping
Refreshing native plugins compatible for Editor in 1.77 ms, found 3 plugins.
Preloading 0 native plugins for Editor in 0.00 ms.
Unloading 3542 Unused Serialized files (Serialized files now loaded: 0)
Unloading 20 unused Assets / (114.7 KB). Loaded Objects now: 4036.
Memory consumption went from 123.8 MB to 123.7 MB.
Total: 3.425200 ms (FindLiveObjects: 0.374900 ms CreateObjectMapping: 0.133400 ms MarkObjects: 2.755400 ms  DeleteObjects: 0.159700 ms)

AssetImportParameters requested are different than current active one (requested -> active):
  custom:video-decoder-ogg-theora: a1e56fd34408186e4bbccfd4996cb3dc -> 
  custom:container-muxer-webm: aa71ff27fc2769a1b78a27578f13a17b -> 
  custom:container-demuxer-webm: 4f35f7cbe854078d1ac9338744f61a02 -> 
  custom:video-encoder-webm-vp8: eb34c28f22e8b96e1ab97ce403110664 -> 
  custom:audio-encoder-webm-vorbis: bf7c407c2cedff20999df2af8eb42d56 -> 
  custom:framework-win-MediaFoundation: 216162199b28c13a410421893ffa2e32 -> 
  custom:container-demuxer-ogg: 62fdf1f143b41e24485cea50d1cbac27 -> 
  custom:video-decoder-webm-vp8: 9c59270c3fd7afecdb556c50c9e8de78 -> 
  custom:audio-decoder-ogg-vorbis: bf7c407c2cedff20999df2af8eb42d56 -> 
========================================================================
Received Import Request.
  Time since last request: 104.121052 seconds.
  path: Assets/ARLocation/Mapbox Routes/Scripts/MapboxApi/RouteResponse.cs
  artifactKey: Guid(d71da66e7277246a987d2973be86c9ab) Importer(815301076,1909f56bfc062723c751e8b465ee728b)
Start importing Assets/ARLocation/Mapbox Routes/Scripts/MapboxApi/RouteResponse.cs using Guid(d71da66e7277246a987d2973be86c9ab) Importer(815301076,1909f56bfc062723c751e8b465ee728b)  -> (artifact id: 'b45778f198bafbf9ca767a7b3b5ed561') in 0.008465 seconds 
========================================================================
Received Prepare
Registering precompiled user dll's ...
Registered in 0.015887 seconds.
Begin MonoManager ReloadAssembly
Symbol file LoadedFromMemory doesn't match image C:\Users\hamys\work\hamyUnity\UI\Library\PackageCache\com.unity.visualscripting@1.8.0\Editor\VisualScripting.Core\Dependencies\YamlDotNet\Unity.VisualScripting.YamlDotNet.dll
Symbol file LoadedFromMemory doesn't match image C:\Users\hamys\work\hamyUnity\UI\Library\PackageCache\com.unity.visualscripting@1.8.0\Editor\VisualScripting.Core\Dependencies\DotNetZip\Unity.VisualScripting.IonicZip.dll
Native extension for WindowsStandalone target not found
Native extension for Android target not found
Refreshing native plugins compatible for Editor in 0.90 ms, found 3 plugins.
Preloading 0 native plugins for Editor in 0.00 ms.
[ARLocation]: Starting up!
UnityEngine.StackTraceUtility:ExtractStackTrace ()
UnityEngine.DebugLogHandler:LogFormat (UnityEngine.LogType,UnityEngine.Object,string,object[])
UnityEngine.Logger:Log (UnityEngine.LogType,object)
UnityEngine.Debug:Log (object)
ARLocationEditorConfigManager:.cctor () (at Assets/ARLocation/Editor/ARLocationEditorConfigManager.cs:13)
System.Runtime.CompilerServices.RuntimeHelpers:RunClassConstructor (System.RuntimeTypeHandle)
UnityEditor.EditorAssemblies:ProcessInitializeOnLoadAttributes (System.Type[])

(Filename: Assets/ARLocation/Editor/ARLocationEditorConfigManager.cs Line: 13)

[ARLocation]: Resource folder already exists!
UnityEngine.StackTraceUtility:ExtractStackTrace ()
UnityEngine.DebugLogHandler:LogFormat (UnityEngine.LogType,UnityEngine.Object,string,object[])
UnityEngine.Logger:Log (UnityEngine.LogType,object)
UnityEngine.Debug:Log (object)
ARLocationEditorConfigManager:.cctor () (at Assets/ARLocation/Editor/ARLocationEditorConfigManager.cs:17)
System.Runtime.CompilerServices.RuntimeHelpers:RunClassConstructor (System.RuntimeTypeHandle)
UnityEditor.EditorAssemblies:ProcessInitializeOnLoadAttributes (System.Type[])

(Filename: Assets/ARLocation/Editor/ARLocationEditorConfigManager.cs Line: 17)

[ARLocation]: Config already exists!
UnityEngine.StackTraceUtility:ExtractStackTrace ()
UnityEngine.DebugLogHandler:LogFormat (UnityEngine.LogType,UnityEngine.Object,string,object[])
UnityEngine.Logger:Log (UnityEngine.LogType,object)
UnityEngine.Debug:Log (object)
ARLocationEditorConfigManager:.cctor () (at Assets/ARLocation/Editor/ARLocationEditorConfigManager.cs:29)
System.Runtime.CompilerServices.RuntimeHelpers:RunClassConstructor (System.RuntimeTypeHandle)
UnityEditor.EditorAssemblies:ProcessInitializeOnLoadAttributes (System.Type[])

(Filename: Assets/ARLocation/Editor/ARLocationEditorConfigManager.cs Line: 29)

Mono: successfully reloaded assembly
- Completed reload, in  0.949 seconds
Domain Reload Profiling:
	ReloadAssembly (949ms)
		BeginReloadAssembly (152ms)
			ExecutionOrderSort (0ms)
			DisableScriptedObjects (5ms)
			BackupInstance (0ms)
			ReleaseScriptingObjects (0ms)
			CreateAndSetChildDomain (39ms)
		EndReloadAssembly (702ms)
			LoadAssemblies (105ms)
			RebuildTransferFunctionScriptingTraits (0ms)
			SetupTypeCache (260ms)
			ReleaseScriptCaches (1ms)
			RebuildScriptCaches (37ms)
			SetupLoadedEditorAssemblies (280ms)
				LogAssemblyErrors (0ms)
				InitializePlatformSupportModulesInManaged (14ms)
				SetLoadedEditorAssemblies (1ms)
				RefreshPlugins (1ms)
				BeforeProcessingInitializeOnLoad (59ms)
				ProcessInitializeOnLoadAttributes (184ms)
				ProcessInitializeOnLoadMethodAttributes (16ms)
				AfterProcessingInitializeOnLoad (4ms)
				EditorAssembliesLoaded (0ms)
			ExecutionOrderSort2 (0ms)
			AwakeInstancesAfterBackupRestoration (5ms)
Platform modules already initialized, skipping
Refreshing native plugins compatible for Editor in 2.02 ms, found 3 plugins.
Preloading 0 native plugins for Editor in 0.00 ms.
Unloading 3542 Unused Serialized files (Serialized files now loaded: 0)
Unloading 20 unused Assets / (114.7 KB). Loaded Objects now: 4040.
Memory consumption went from 123.8 MB to 123.7 MB.
Total: 4.694100 ms (FindLiveObjects: 0.292900 ms CreateObjectMapping: 0.179100 ms MarkObjects: 4.069200 ms  DeleteObjects: 0.151400 ms)

AssetImportParameters requested are different than current active one (requested -> active):
  custom:video-decoder-ogg-theora: a1e56fd34408186e4bbccfd4996cb3dc -> 
  custom:container-muxer-webm: aa71ff27fc2769a1b78a27578f13a17b -> 
  custom:container-demuxer-webm: 4f35f7cbe854078d1ac9338744f61a02 -> 
  custom:video-encoder-webm-vp8: eb34c28f22e8b96e1ab97ce403110664 -> 
  custom:audio-encoder-webm-vorbis: bf7c407c2cedff20999df2af8eb42d56 -> 
  custom:framework-win-MediaFoundation: 216162199b28c13a410421893ffa2e32 -> 
  custom:container-demuxer-ogg: 62fdf1f143b41e24485cea50d1cbac27 -> 
  custom:video-decoder-webm-vp8: 9c59270c3fd7afecdb556c50c9e8de78 -> 
  custom:audio-decoder-ogg-vorbis: bf7c407c2cedff20999df2af8eb42d56 -> 
========================================================================
Received Import Request.
  Time since last request: 95.982329 seconds.
  path: Assets/ARLocation/Mapbox Routes/Scripts/MapboxApi/RouteResponse.cs
  artifactKey: Guid(d71da66e7277246a987d2973be86c9ab) Importer(815301076,1909f56bfc062723c751e8b465ee728b)
Start importing Assets/ARLocation/Mapbox Routes/Scripts/MapboxApi/RouteResponse.cs using Guid(d71da66e7277246a987d2973be86c9ab) Importer(815301076,1909f56bfc062723c751e8b465ee728b)  -> (artifact id: 'e3ef0e33d5e6bb30032c575a603292ea') in 0.009380 seconds 
========================================================================
Received Prepare
Registering precompiled user dll's ...
Registered in 0.005508 seconds.
Begin MonoManager ReloadAssembly
Symbol file LoadedFromMemory doesn't match image C:\Users\hamys\work\hamyUnity\UI\Library\PackageCache\com.unity.visualscripting@1.8.0\Editor\VisualScripting.Core\Dependencies\YamlDotNet\Unity.VisualScripting.YamlDotNet.dll
Symbol file LoadedFromMemory doesn't match image C:\Users\hamys\work\hamyUnity\UI\Library\PackageCache\com.unity.visualscripting@1.8.0\Editor\VisualScripting.Core\Dependencies\DotNetZip\Unity.VisualScripting.IonicZip.dll
Native extension for WindowsStandalone target not found
Native extension for Android target not found
Refreshing native plugins compatible for Editor in 0.73 ms, found 3 plugins.
Preloading 0 native plugins for Editor in 0.00 ms.
[ARLocation]: Starting up!
UnityEngine.StackTraceUtility:ExtractStackTrace ()
UnityEngine.DebugLogHandler:LogFormat (UnityEngine.LogType,UnityEngine.Object,string,object[])
UnityEngine.Logger:Log (UnityEngine.LogType,object)
UnityEngine.Debug:Log (object)
ARLocationEditorConfigManager:.cctor () (at Assets/ARLocation/Editor/ARLocationEditorConfigManager.cs:13)
System.Runtime.CompilerServices.RuntimeHelpers:RunClassConstructor (System.RuntimeTypeHandle)
UnityEditor.EditorAssemblies:ProcessInitializeOnLoadAttributes (System.Type[])

(Filename: Assets/ARLocation/Editor/ARLocationEditorConfigManager.cs Line: 13)

[ARLocation]: Resource folder already exists!
UnityEngine.StackTraceUtility:ExtractStackTrace ()
UnityEngine.DebugLogHandler:LogFormat (UnityEngine.LogType,UnityEngine.Object,string,object[])
UnityEngine.Logger:Log (UnityEngine.LogType,object)
UnityEngine.Debug:Log (object)
ARLocationEditorConfigManager:.cctor () (at Assets/ARLocation/Editor/ARLocationEditorConfigManager.cs:17)
System.Runtime.CompilerServices.RuntimeHelpers:RunClassConstructor (System.RuntimeTypeHandle)
UnityEditor.EditorAssemblies:ProcessInitializeOnLoadAttributes (System.Type[])

(Filename: Assets/ARLocation/Editor/ARLocationEditorConfigManager.cs Line: 17)

[ARLocation]: Config already exists!
UnityEngine.StackTraceUtility:ExtractStackTrace ()
UnityEngine.DebugLogHandler:LogFormat (UnityEngine.LogType,UnityEngine.Object,string,object[])
UnityEngine.Logger:Log (UnityEngine.LogType,object)
UnityEngine.Debug:Log (object)
ARLocationEditorConfigManager:.cctor () (at Assets/ARLocation/Editor/ARLocationEditorConfigManager.cs:29)
System.Runtime.CompilerServices.RuntimeHelpers:RunClassConstructor (System.RuntimeTypeHandle)
UnityEditor.EditorAssemblies:ProcessInitializeOnLoadAttributes (System.Type[])

(Filename: Assets/ARLocation/Editor/ARLocationEditorConfigManager.cs Line: 29)

Mono: successfully reloaded assembly
- Completed reload, in  1.130 seconds
Domain Reload Profiling:
	ReloadAssembly (1131ms)
		BeginReloadAssembly (178ms)
			ExecutionOrderSort (0ms)
			DisableScriptedObjects (4ms)
			BackupInstance (0ms)
			ReleaseScriptingObjects (0ms)
			CreateAndSetChildDomain (49ms)
		EndReloadAssembly (805ms)
			LoadAssemblies (126ms)
			RebuildTransferFunctionScriptingTraits (0ms)
			SetupTypeCache (315ms)
			ReleaseScriptCaches (1ms)
			RebuildScriptCaches (42ms)
			SetupLoadedEditorAssemblies (310ms)
				LogAssemblyErrors (0ms)
				InitializePlatformSupportModulesInManaged (23ms)
				SetLoadedEditorAssemblies (1ms)
				RefreshPlugins (1ms)
				BeforeProcessingInitializeOnLoad (70ms)
				ProcessInitializeOnLoadAttributes (192ms)
				ProcessInitializeOnLoadMethodAttributes (17ms)
				AfterProcessingInitializeOnLoad (6ms)
				EditorAssembliesLoaded (0ms)
			ExecutionOrderSort2 (0ms)
			AwakeInstancesAfterBackupRestoration (6ms)
Platform modules already initialized, skipping
Refreshing native plugins compatible for Editor in 1.69 ms, found 3 plugins.
Preloading 0 native plugins for Editor in 0.00 ms.
Unloading 3542 Unused Serialized files (Serialized files now loaded: 0)
Unloading 20 unused Assets / (114.6 KB). Loaded Objects now: 4044.
Memory consumption went from 123.8 MB to 123.7 MB.
Total: 2.985800 ms (FindLiveObjects: 0.304100 ms CreateObjectMapping: 0.127400 ms MarkObjects: 2.438100 ms  DeleteObjects: 0.115100 ms)

AssetImportParameters requested are different than current active one (requested -> active):
  custom:video-decoder-ogg-theora: a1e56fd34408186e4bbccfd4996cb3dc -> 
  custom:container-muxer-webm: aa71ff27fc2769a1b78a27578f13a17b -> 
  custom:container-demuxer-webm: 4f35f7cbe854078d1ac9338744f61a02 -> 
  custom:video-encoder-webm-vp8: eb34c28f22e8b96e1ab97ce403110664 -> 
  custom:audio-encoder-webm-vorbis: bf7c407c2cedff20999df2af8eb42d56 -> 
  custom:framework-win-MediaFoundation: 216162199b28c13a410421893ffa2e32 -> 
  custom:container-demuxer-ogg: 62fdf1f143b41e24485cea50d1cbac27 -> 
  custom:video-decoder-webm-vp8: 9c59270c3fd7afecdb556c50c9e8de78 -> 
  custom:audio-decoder-ogg-vorbis: bf7c407c2cedff20999df2af8eb42d56 -> 
========================================================================
Received Import Request.
  Time since last request: 87.972993 seconds.
  path: Assets/ARLocation/Mapbox Routes/Scripts/MapboxApi/Geocoding.cs
  artifactKey: Guid(f9594f0d227f24395a1aa9a7865172b8) Importer(815301076,1909f56bfc062723c751e8b465ee728b)
Start importing Assets/ARLocation/Mapbox Routes/Scripts/MapboxApi/Geocoding.cs using Guid(f9594f0d227f24395a1aa9a7865172b8) Importer(815301076,1909f56bfc062723c751e8b465ee728b)  -> (artifact id: '76aa9017e08904843a935a909cfbcefb') in 0.007067 seconds 
========================================================================
Received Import Request.
  Time since last request: 193.762946 seconds.
  path: Assets/XR
  artifactKey: Guid(bf383bf03060ea04bb09af5d0b6ec920) Importer(815301076,1909f56bfc062723c751e8b465ee728b)
Start importing Assets/XR using Guid(bf383bf03060ea04bb09af5d0b6ec920) Importer(815301076,1909f56bfc062723c751e8b465ee728b)  -> (artifact id: '8122bf5be6ae1af5930d6cbc19cdb6f2') in 0.012015 seconds 
========================================================================
Received Import Request.
  Time since last request: 0.149682 seconds.
  path: Assets/XR/XRGeneralSettings.asset
  artifactKey: Guid(c5e75b1c8478a72478734a41f9cd5270) Importer(815301076,1909f56bfc062723c751e8b465ee728b)
Start importing Assets/XR/XRGeneralSettings.asset using Guid(c5e75b1c8478a72478734a41f9cd5270) Importer(815301076,1909f56bfc062723c751e8b465ee728b)  -> (artifact id: '719ca5a515a58694ede8c6506de4f312') in 0.070680 seconds 
========================================================================
Received Import Request.
  Time since last request: 9.031215 seconds.
  path: Assets/ARLocation/Mapbox Routes/Prefabs
  artifactKey: Guid(75f9294f871a84abbbd2602a99acf348) Importer(815301076,1909f56bfc062723c751e8b465ee728b)
Start importing Assets/ARLocation/Mapbox Routes/Prefabs using Guid(75f9294f871a84abbbd2602a99acf348) Importer(815301076,1909f56bfc062723c751e8b465ee728b)  -> (artifact id: 'b8cda0c07ac5cceac7ecd0371b24e18f') in 0.052818 seconds 
========================================================================
Received Import Request.
  Time since last request: 0.000026 seconds.
  path: Assets/ARLocation/Mapbox Routes/Prefabs/DefaultSignPost.prefab
  artifactKey: Guid(9427d144b9f504ecaa05db95fe5a286a) Importer(815301076,1909f56bfc062723c751e8b465ee728b)
Start importing Assets/ARLocation/Mapbox Routes/Prefabs/DefaultSignPost.prefab using Guid(9427d144b9f504ecaa05db95fe5a286a) Importer(815301076,1909f56bfc062723c751e8b465ee728b)  -> (artifact id: '3f1e16f5ab908cbd49870e14b47a0017') in 0.315531 seconds 
========================================================================
Received Import Request.
  Time since last request: 0.000042 seconds.
  path: Assets/ARLocation/Mapbox Routes/Prefabs/SignPost_Small_Map_Pin.prefab
  artifactKey: Guid(154e5264001534d7999c9720b114562d) Importer(815301076,1909f56bfc062723c751e8b465ee728b)
Start importing Assets/ARLocation/Mapbox Routes/Prefabs/SignPost_Small_Map_Pin.prefab using Guid(154e5264001534d7999c9720b114562d) Importer(815301076,1909f56bfc062723c751e8b465ee728b)  -> (artifact id: 'c742daa9663456f74f148ac31adb2aec') in 0.044087 seconds 
